Arguments: 
  /usr/local/bin/node /usr/local/bin/yarn

PATH: 
  /usr/local/opt/php@7.3/sbin:/usr/local/mysql/bin:/Users/Cuicui/bin:/usr/local/bin:/Users/Cuicui/.composer/vendor/bin:/usr/local/opt/mysql/bin:/usr/local/bin:/usr/bin:/bin:/usr/sbin:/sbin

Yarn version: 
  0.18.1

Node version: 
  12.16.3

Platform: 
  darwin x64

npm manifest: 
  {
    "name": "go-fullstack-frontend",
    "version": "0.0.0",
    "scripts": {
      "ng": "ng",
      "start": "ng serve",
      "build": "ng build",
      "test": "ng test",
      "lint": "ng lint",
      "e2e": "ng e2e"
    },
    "private": true,
    "dependencies": {
      "@angular/animations": "^8.2.5",
      "@angular/cdk": "^8.1.4",
      "@angular/common": "^8.2.5",
      "@angular/compiler": "^8.2.5",
      "@angular/core": "^8.2.5",
      "@angular/forms": "^8.2.5",
      "@angular/material": "^8.1.4",
      "@angular/platform-browser": "^8.2.5",
      "@angular/platform-browser-dynamic": "^8.2.5",
      "@angular/router": "^8.2.5",
      "bootstrap": "^4.3.1",
      "core-js": "^3.2.1",
      "rxjs": "^6.4.0",
      "tslib": "^1.10.0",
      "zone.js": "~0.9.1"
    },
    "devDependencies": {
      "@angular-devkit/build-angular": "~0.803.3",
      "@angular/cli": "^8.3.3",
      "@angular/compiler-cli": "^8.2.5",
      "@angular/language-service": "^8.2.5",
      "@types/jasmine": "~3.4.0",
      "@types/jasminewd2": "~2.0.3",
      "@types/node": "~12.7.4",
      "codelyzer": "^5.0.1",
      "jasmine-core": "~3.4.0",
      "jasmine-spec-reporter": "~4.2.1",
      "karma": "~4.3.0",
      "karma-chrome-launcher": "~3.1.0",
      "karma-coverage-istanbul-reporter": "~2.1.0",
      "karma-jasmine": "~2.0.1",
      "karma-jasmine-html-reporter": "^1.4.2",
      "protractor": "~5.4.2",
      "ts-node": "~8.3.0",
      "tslint": "~5.19.0",
      "typescript": "~3.5.3"
    }
  }

yarn manifest: 
  No manifest

Lockfile: 
  No lockfile

Trace: 
  Error: https://registry.yarnpkg.com/@angular/platform-browser/-/platform-browser-8.2.14.tgz: EACCES: permission denied, open '/Users/Cuicui/Library/Caches/Yarn/npm-@angular/platform-browser-8.2.14-31f082e8ba977f9b89964d721c38cbc32ce0e433/animations/animations.metadata.json'
